<?xml version="1.0" encoding="UTF-8"?>
<!-- Generated by org.testng.reporters.JUnitReportReporter -->
<testsuite hostname="LAPTOP-LAKSHAY" failures="0" tests="1" name="testCases.TC_001_AccountRegistrationPageTest" time="4.367" errors="0" timestamp="2024-02-10T18:01:17 IST" skipped="0">
  <testcase classname="testCases.TC_001_AccountRegistrationPageTest" name="testAccountRegistration" time="4.367"/>
</testsuite> <!-- testCases.TC_001_AccountRegistrationPageTest -->
