<?xml version="1.0" encoding="UTF-8"?>
<!-- Generated by org.testng.reporters.JUnitReportReporter -->
<testsuite hostname="LAPTOP-LAKSHAY" failures="0" tests="1" name="testCases.TC_002_LoginPageTest" time="1.754" errors="0" timestamp="2024-02-10T18:01:17 IST" skipped="0">
  <testcase classname="testCases.TC_002_LoginPageTest" name="testLogin" time="1.754"/>
</testsuite> <!-- testCases.TC_002_LoginPageTest -->
