<?xml version="1.0" encoding="UTF-8"?>
<!-- Generated by org.testng.reporters.JUnitReportReporter -->
<testsuite hostname="LAPTOP-LAKSHAY" failures="0" tests="5" name="testCases.TC_003_LoginPageDataDrivenTest" time="47.353" errors="0" timestamp="2024-02-09T15:56:28 IST" skipped="0">
  <testcase classname="testCases.TC_003_LoginPageDataDrivenTest" name="testLogin" time="11.309"/>
  <testcase classname="testCases.TC_003_LoginPageDataDrivenTest" name="testLogin" time="11.408"/>
  <testcase classname="testCases.TC_003_LoginPageDataDrivenTest" name="testLogin" time="11.258"/>
  <testcase classname="testCases.TC_003_LoginPageDataDrivenTest" name="testLogin" time="11.264"/>
  <testcase classname="testCases.TC_003_LoginPageDataDrivenTest" name="testLogin" time="2.114"/>
</testsuite> <!-- testCases.TC_003_LoginPageDataDrivenTest -->
